<?xml version="1.0" encoding="UTF-8"?>
<testsuite xmlns:xsi="http://www.w3.org/2001/XMLSchema-instance" xsi:noNamespaceSchemaLocation="https://maven.apache.org/surefire/maven-surefire-plugin/xsd/surefire-test-report.xsd" name="com.hcl.ecommerce.SpringBootEcommerceApplicationTests" time="14.968" tests="1" errors="0" skipped="0" failures="0">
  <properties>
    <property name="gopherProxySet" value="false"/>
    <property name="awt.toolkit" value="sun.lwawt.macosx.LWCToolkit"/>
    <property name="file.encoding.pkg" value="sun.io"/>
    <property name="java.specification.version" value="1.8"/>
    <property name="sun.cpu.isalist" value=""/>
    <property name="sun.jnu.encoding" value="UTF-8"/>
    <property name="java.class.path" value="/Users/tintruong/Desktop/CapstoneGroup5-Group5Azure/02-backend/spring-boot-ecommerce/spring-boot-ecommerce/target/test-classes:/Users/tintruong/Desktop/CapstoneGroup5-Group5Azure/02-backend/spring-boot-ecommerce/spring-boot-ecommerce/target/classes:/Users/tintruong/.m2/repository/com/stripe/stripe-java/20.107.0/stripe-java-20.107.0.jar:/Users/tintruong/.m2/repository/com/google/code/gson/gson/2.8.9/gson-2.8.9.jar:/Users/tintruong/.m2/repository/com/okta/spring/okta-spring-boot-starter/2.0.1/okta-spring-boot-starter-2.0.1.jar:/Users/tintruong/.m2/repository/com/okta/spring/okta-spring-security-oauth2/2.0.1/okta-spring-security-oauth2-2.0.1.jar:/Users/tintruong/.m2/repository/com/okta/commons/okta-config-check/1.2.5/okta-config-check-1.2.5.jar:/Users/tintruong/.m2/repository/com/okta/commons/okta-commons-lang/1.2.5/okta-commons-lang-1.2.5.jar:/Users/tintruong/.m2/repository/org/springframework/security/spring-security-config/5.6.2/spring-security-config-5.6.2.jar:/Users/tintruong/.m2/repository/org/springframework/security/spring-security-core/5.6.2/spring-security-core-5.6.2.jar:/Users/tintruong/.m2/repository/org/springframework/security/spring-security-crypto/5.6.2/spring-security-crypto-5.6.2.jar:/Users/tintruong/.m2/repository/org/springframework/boot/spring-boot-starter-security/2.6.4/spring-boot-starter-security-2.6.4.jar:/Users/tintruong/.m2/repository/org/springframework/security/spring-security-web/5.6.2/spring-security-web-5.6.2.jar:/Users/tintruong/.m2/repository/org/springframework/security/spring-security-oauth2-client/5.6.2/spring-security-oauth2-client-5.6.2.jar:/Users/tintruong/.m2/repository/org/springframework/security/spring-security-oauth2-core/5.6.2/spring-security-oauth2-core-5.6.2.jar:/Users/tintruong/.m2/repository/com/nimbusds/oauth2-oidc-sdk/9.19/oauth2-oidc-sdk-9.19.jar:/Users/tintruong/.m2/repository/com/github/stephenc/jcip/jcip-annotations/1.0-1/jcip-annotations-1.0-1.jar:/Users/tintruong/.m2/repository/com/nimbusds/content-type/2.1/content-type-2.1.jar:/Users/tintruong/.m2/repository/com/nimbusds/lang-tag/1.5/lang-tag-1.5.jar:/Users/tintruong/.m2/repository/org/springframework/security/spring-security-oauth2-jose/5.6.2/spring-security-oauth2-jose-5.6.2.jar:/Users/tintruong/.m2/repository/com/nimbusds/nimbus-jose-jwt/9.14/nimbus-jose-jwt-9.14.jar:/Users/tintruong/.m2/repository/org/springframework/security/spring-security-oauth2-resource-server/5.6.2/spring-security-oauth2-resource-server-5.6.2.jar:/Users/tintruong/.m2/repository/com/okta/spring/okta-spring-sdk/2.0.1/okta-spring-sdk-2.0.1.jar:/Users/tintruong/.m2/repository/org/springframework/boot/spring-boot/2.6.4/spring-boot-2.6.4.jar:/Users/tintruong/.m2/repository/org/springframework/boot/spring-boot-autoconfigure/2.6.4/spring-boot-autoconfigure-2.6.4.jar:/Users/tintruong/.m2/repository/org/springframework/boot/spring-boot-starter-data-jpa/2.6.4/spring-boot-starter-data-jpa-2.6.4.jar:/Users/tintruong/.m2/repository/org/springframework/boot/spring-boot-starter-aop/2.6.4/spring-boot-starter-aop-2.6.4.jar:/Users/tintruong/.m2/repository/org/springframework/spring-aop/5.3.16/spring-aop-5.3.16.jar:/Users/tintruong/.m2/repository/org/aspectj/aspectjweaver/1.9.7/aspectjweaver-1.9.7.jar:/Users/tintruong/.m2/repository/org/springframework/boot/spring-boot-starter-jdbc/2.6.4/spring-boot-starter-jdbc-2.6.4.jar:/Users/tintruong/.m2/repository/com/zaxxer/HikariCP/4.0.3/HikariCP-4.0.3.jar:/Users/tintruong/.m2/repository/org/springframework/spring-jdbc/5.3.16/spring-jdbc-5.3.16.jar:/Users/tintruong/.m2/repository/jakarta/transaction/jakarta.transaction-api/1.3.3/jakarta.transaction-api-1.3.3.jar:/Users/tintruong/.m2/repository/jakarta/persistence/jakarta.persistence-api/2.2.3/jakarta.persistence-api-2.2.3.jar:/Users/tintruong/.m2/repository/org/hibernate/hibernate-core/5.6.5.Final/hibernate-core-5.6.5.Final.jar:/Users/tintruong/.m2/repository/org/jboss/logging/jboss-logging/3.4.3.Final/jboss-logging-3.4.3.Final.jar:/Users/tintruong/.m2/repository/net/bytebuddy/byte-buddy/1.11.22/byte-buddy-1.11.22.jar:/Users/tintruong/.m2/repository/antlr/antlr/2.7.7/antlr-2.7.7.jar:/Users/tintruong/.m2/repository/org/jboss/jandex/2.4.2.Final/jandex-2.4.2.Final.jar:/Users/tintruong/.m2/repository/com/fasterxml/classmate/1.5.1/classmate-1.5.1.jar:/Users/tintruong/.m2/repository/org/hibernate/common/hibernate-commons-annotations/5.1.2.Final/hibernate-commons-annotations-5.1.2.Final.jar:/Users/tintruong/.m2/repository/org/glassfish/jaxb/jaxb-runtime/2.3.6/jaxb-runtime-2.3.6.jar:/Users/tintruong/.m2/repository/org/glassfish/jaxb/txw2/2.3.6/txw2-2.3.6.jar:/Users/tintruong/.m2/repository/com/sun/istack/istack-commons-runtime/3.0.12/istack-commons-runtime-3.0.12.jar:/Users/tintruong/.m2/repository/com/sun/activation/jakarta.activation/1.2.2/jakarta.activation-1.2.2.jar:/Users/tintruong/.m2/repository/org/springframework/data/spring-data-jpa/2.6.2/spring-data-jpa-2.6.2.jar:/Users/tintruong/.m2/repository/org/springframework/data/spring-data-commons/2.6.2/spring-data-commons-2.6.2.jar:/Users/tintruong/.m2/repository/org/springframework/spring-orm/5.3.16/spring-orm-5.3.16.jar:/Users/tintruong/.m2/repository/org/springframework/spring-context/5.3.16/spring-context-5.3.16.jar:/Users/tintruong/.m2/repository/org/springframework/spring-expression/5.3.16/spring-expression-5.3.16.jar:/Users/tintruong/.m2/repository/org/springframework/spring-tx/5.3.16/spring-tx-5.3.16.jar:/Users/tintruong/.m2/repository/org/springframework/spring-beans/5.3.16/spring-beans-5.3.16.jar:/Users/tintruong/.m2/repository/org/slf4j/slf4j-api/1.7.36/slf4j-api-1.7.36.jar:/Users/tintruong/.m2/repository/org/springframework/spring-aspects/5.3.16/spring-aspects-5.3.16.jar:/Users/tintruong/.m2/repository/org/springframework/boot/spring-boot-starter-data-rest/2.6.4/spring-boot-starter-data-rest-2.6.4.jar:/Users/tintruong/.m2/repository/org/springframework/boot/spring-boot-starter-web/2.6.4/spring-boot-starter-web-2.6.4.jar:/Users/tintruong/.m2/repository/org/springframework/boot/spring-boot-starter-json/2.6.4/spring-boot-starter-json-2.6.4.jar:/Users/tintruong/.m2/repository/com/fasterxml/jackson/datatype/jackson-datatype-jdk8/2.13.1/jackson-datatype-jdk8-2.13.1.jar:/Users/tintruong/.m2/repository/com/fasterxml/jackson/datatype/jackson-datatype-jsr310/2.13.1/jackson-datatype-jsr310-2.13.1.jar:/Users/tintruong/.m2/repository/com/fasterxml/jackson/module/jackson-module-parameter-names/2.13.1/jackson-module-parameter-names-2.13.1.jar:/Users/tintruong/.m2/repository/org/springframework/boot/spring-boot-starter-tomcat/2.6.4/spring-boot-starter-tomcat-2.6.4.jar:/Users/tintruong/.m2/repository/org/apache/tomcat/embed/tomcat-embed-core/9.0.58/tomcat-embed-core-9.0.58.jar:/Users/tintruong/.m2/repository/org/apache/tomcat/embed/tomcat-embed-el/9.0.58/tomcat-embed-el-9.0.58.jar:/Users/tintruong/.m2/repository/org/apache/tomcat/embed/tomcat-embed-websocket/9.0.58/tomcat-embed-websocket-9.0.58.jar:/Users/tintruong/.m2/repository/org/springframework/spring-web/5.3.16/spring-web-5.3.16.jar:/Users/tintruong/.m2/repository/org/springframework/spring-webmvc/5.3.16/spring-webmvc-5.3.16.jar:/Users/tintruong/.m2/repository/org/springframework/data/spring-data-rest-webmvc/3.6.2/spring-data-rest-webmvc-3.6.2.jar:/Users/tintruong/.m2/repository/org/springframework/data/spring-data-rest-core/3.6.2/spring-data-rest-core-3.6.2.jar:/Users/tintruong/.m2/repository/org/springframework/hateoas/spring-hateoas/1.4.1/spring-hateoas-1.4.1.jar:/Users/tintruong/.m2/repository/org/springframework/plugin/spring-plugin-core/2.0.0.RELEASE/spring-plugin-core-2.0.0.RELEASE.jar:/Users/tintruong/.m2/repository/org/atteo/evo-inflector/1.3/evo-inflector-1.3.jar:/Users/tintruong/.m2/repository/com/fasterxml/jackson/core/jackson-databind/2.13.1/jackson-databind-2.13.1.jar:/Users/tintruong/.m2/repository/com/fasterxml/jackson/core/jackson-core/2.13.1/jackson-core-2.13.1.jar:/Users/tintruong/.m2/repository/com/fasterxml/jackson/core/jackson-annotations/2.13.1/jackson-annotations-2.13.1.jar:/Users/tintruong/.m2/repository/mysql/mysql-connector-java/8.0.28/mysql-connector-java-8.0.28.jar:/Users/tintruong/.m2/repository/org/projectlombok/lombok/1.18.22/lombok-1.18.22.jar:/Users/tintruong/.m2/repository/org/springframework/boot/spring-boot-starter-test/2.6.4/spring-boot-starter-test-2.6.4.jar:/Users/tintruong/.m2/repository/org/springframework/boot/spring-boot-starter/2.6.4/spring-boot-starter-2.6.4.jar:/Users/tintruong/.m2/repository/org/springframework/boot/spring-boot-starter-logging/2.6.4/spring-boot-starter-logging-2.6.4.jar:/Users/tintruong/.m2/repository/ch/qos/logback/logback-classic/1.2.10/logback-classic-1.2.10.jar:/Users/tintruong/.m2/repository/ch/qos/logback/logback-core/1.2.10/logback-core-1.2.10.jar:/Users/tintruong/.m2/repository/org/apache/logging/log4j/log4j-to-slf4j/2.17.1/log4j-to-slf4j-2.17.1.jar:/Users/tintruong/.m2/repository/org/apache/logging/log4j/log4j-api/2.17.1/log4j-api-2.17.1.jar:/Users/tintruong/.m2/repository/org/slf4j/jul-to-slf4j/1.7.36/jul-to-slf4j-1.7.36.jar:/Users/tintruong/.m2/repository/jakarta/annotation/jakarta.annotation-api/1.3.5/jakarta.annotation-api-1.3.5.jar:/Users/tintruong/.m2/repository/org/yaml/snakeyaml/1.29/snakeyaml-1.29.jar:/Users/tintruong/.m2/repository/org/springframework/boot/spring-boot-test/2.6.4/spring-boot-test-2.6.4.jar:/Users/tintruong/.m2/repository/org/springframework/boot/spring-boot-test-autoconfigure/2.6.4/spring-boot-test-autoconfigure-2.6.4.jar:/Users/tintruong/.m2/repository/com/jayway/jsonpath/json-path/2.6.0/json-path-2.6.0.jar:/Users/tintruong/.m2/repository/net/minidev/json-smart/2.4.8/json-smart-2.4.8.jar:/Users/tintruong/.m2/repository/net/minidev/accessors-smart/2.4.8/accessors-smart-2.4.8.jar:/Users/tintruong/.m2/repository/org/ow2/asm/asm/9.1/asm-9.1.jar:/Users/tintruong/.m2/repository/jakarta/xml/bind/jakarta.xml.bind-api/2.3.3/jakarta.xml.bind-api-2.3.3.jar:/Users/tintruong/.m2/repository/jakarta/activation/jakarta.activation-api/1.2.2/jakarta.activation-api-1.2.2.jar:/Users/tintruong/.m2/repository/org/assertj/assertj-core/3.21.0/assertj-core-3.21.0.jar:/Users/tintruong/.m2/repository/org/hamcrest/hamcrest/2.2/hamcrest-2.2.jar:/Users/tintruong/.m2/repository/org/junit/jupiter/junit-jupiter/5.8.2/junit-jupiter-5.8.2.jar:/Users/tintruong/.m2/repository/org/junit/jupiter/junit-jupiter-api/5.8.2/junit-jupiter-api-5.8.2.jar:/Users/tintruong/.m2/repository/org/opentest4j/opentest4j/1.2.0/opentest4j-1.2.0.jar:/Users/tintruong/.m2/repository/org/junit/platform/junit-platform-commons/1.8.2/junit-platform-commons-1.8.2.jar:/Users/tintruong/.m2/repository/org/apiguardian/apiguardian-api/1.1.2/apiguardian-api-1.1.2.jar:/Users/tintruong/.m2/repository/org/junit/jupiter/junit-jupiter-params/5.8.2/junit-jupiter-params-5.8.2.jar:/Users/tintruong/.m2/repository/org/junit/jupiter/junit-jupiter-engine/5.8.2/junit-jupiter-engine-5.8.2.jar:/Users/tintruong/.m2/repository/org/junit/platform/junit-platform-engine/1.8.2/junit-platform-engine-1.8.2.jar:/Users/tintruong/.m2/repository/org/mockito/mockito-core/4.0.0/mockito-core-4.0.0.jar:/Users/tintruong/.m2/repository/net/bytebuddy/byte-buddy-agent/1.11.22/byte-buddy-agent-1.11.22.jar:/Users/tintruong/.m2/repository/org/objenesis/objenesis/3.2/objenesis-3.2.jar:/Users/tintruong/.m2/repository/org/mockito/mockito-junit-jupiter/4.0.0/mockito-junit-jupiter-4.0.0.jar:/Users/tintruong/.m2/repository/org/skyscreamer/jsonassert/1.5.0/jsonassert-1.5.0.jar:/Users/tintruong/.m2/repository/com/vaadin/external/google/android-json/0.0.20131108.vaadin1/android-json-0.0.20131108.vaadin1.jar:/Users/tintruong/.m2/repository/org/springframework/spring-core/5.3.16/spring-core-5.3.16.jar:/Users/tintruong/.m2/repository/org/springframework/spring-jcl/5.3.16/spring-jcl-5.3.16.jar:/Users/tintruong/.m2/repository/org/springframework/spring-test/5.3.16/spring-test-5.3.16.jar:/Users/tintruong/.m2/repository/org/xmlunit/xmlunit-core/2.8.4/xmlunit-core-2.8.4.jar:"/>
    <property name="java.vm.vendor" value="Oracle Corporation"/>
    <property name="sun.arch.data.model" value="64"/>
    <property name="java.vendor.url" value="http://java.oracle.com/"/>
    <property name="user.timezone" value=""/>
    <property name="java.vm.specification.version" value="1.8"/>
    <property name="os.name" value="Mac OS X"/>
    <property name="user.country" value="US"/>
    <property name="sun.java.launcher" value="SUN_STANDARD"/>
    <property name="sun.boot.library.path" value="/Library/Java/JavaVirtualMachines/jdk1.8.0_321.jdk/Contents/Home/jre/lib"/>
    <property name="sun.java.command" value="/Users/tintruong/Desktop/CapstoneGroup5-Group5Azure/02-backend/spring-boot-ecommerce/spring-boot-ecommerce/target/surefire/surefirebooter6271273003640306679.jar /Users/tintruong/Desktop/CapstoneGroup5-Group5Azure/02-backend/spring-boot-ecommerce/spring-boot-ecommerce/target/surefire 2022-04-05T13-57-00_439-jvmRun1 surefire5036961928418146088tmp surefire_03423085128282603087tmp"/>
    <property name="http.nonProxyHosts" value="local|*.local|169.254/16|*.169.254/16"/>
    <property name="surefire.test.class.path" value="/Users/tintruong/Desktop/CapstoneGroup5-Group5Azure/02-backend/spring-boot-ecommerce/spring-boot-ecommerce/target/test-classes:/Users/tintruong/Desktop/CapstoneGroup5-Group5Azure/02-backend/spring-boot-ecommerce/spring-boot-ecommerce/target/classes:/Users/tintruong/.m2/repository/com/stripe/stripe-java/20.107.0/stripe-java-20.107.0.jar:/Users/tintruong/.m2/repository/com/google/code/gson/gson/2.8.9/gson-2.8.9.jar:/Users/tintruong/.m2/repository/com/okta/spring/okta-spring-boot-starter/2.0.1/okta-spring-boot-starter-2.0.1.jar:/Users/tintruong/.m2/repository/com/okta/spring/okta-spring-security-oauth2/2.0.1/okta-spring-security-oauth2-2.0.1.jar:/Users/tintruong/.m2/repository/com/okta/commons/okta-config-check/1.2.5/okta-config-check-1.2.5.jar:/Users/tintruong/.m2/repository/com/okta/commons/okta-commons-lang/1.2.5/okta-commons-lang-1.2.5.jar:/Users/tintruong/.m2/repository/org/springframework/security/spring-security-config/5.6.2/spring-security-config-5.6.2.jar:/Users/tintruong/.m2/repository/org/springframework/security/spring-security-core/5.6.2/spring-security-core-5.6.2.jar:/Users/tintruong/.m2/repository/org/springframework/security/spring-security-crypto/5.6.2/spring-security-crypto-5.6.2.jar:/Users/tintruong/.m2/repository/org/springframework/boot/spring-boot-starter-security/2.6.4/spring-boot-starter-security-2.6.4.jar:/Users/tintruong/.m2/repository/org/springframework/security/spring-security-web/5.6.2/spring-security-web-5.6.2.jar:/Users/tintruong/.m2/repository/org/springframework/security/spring-security-oauth2-client/5.6.2/spring-security-oauth2-client-5.6.2.jar:/Users/tintruong/.m2/repository/org/springframework/security/spring-security-oauth2-core/5.6.2/spring-security-oauth2-core-5.6.2.jar:/Users/tintruong/.m2/repository/com/nimbusds/oauth2-oidc-sdk/9.19/oauth2-oidc-sdk-9.19.jar:/Users/tintruong/.m2/repository/com/github/stephenc/jcip/jcip-annotations/1.0-1/jcip-annotations-1.0-1.jar:/Users/tintruong/.m2/repository/com/nimbusds/content-type/2.1/content-type-2.1.jar:/Users/tintruong/.m2/repository/com/nimbusds/lang-tag/1.5/lang-tag-1.5.jar:/Users/tintruong/.m2/repository/org/springframework/security/spring-security-oauth2-jose/5.6.2/spring-security-oauth2-jose-5.6.2.jar:/Users/tintruong/.m2/repository/com/nimbusds/nimbus-jose-jwt/9.14/nimbus-jose-jwt-9.14.jar:/Users/tintruong/.m2/repository/org/springframework/security/spring-security-oauth2-resource-server/5.6.2/spring-security-oauth2-resource-server-5.6.2.jar:/Users/tintruong/.m2/repository/com/okta/spring/okta-spring-sdk/2.0.1/okta-spring-sdk-2.0.1.jar:/Users/tintruong/.m2/repository/org/springframework/boot/spring-boot/2.6.4/spring-boot-2.6.4.jar:/Users/tintruong/.m2/repository/org/springframework/boot/spring-boot-autoconfigure/2.6.4/spring-boot-autoconfigure-2.6.4.jar:/Users/tintruong/.m2/repository/org/springframework/boot/spring-boot-starter-data-jpa/2.6.4/spring-boot-starter-data-jpa-2.6.4.jar:/Users/tintruong/.m2/repository/org/springframework/boot/spring-boot-starter-aop/2.6.4/spring-boot-starter-aop-2.6.4.jar:/Users/tintruong/.m2/repository/org/springframework/spring-aop/5.3.16/spring-aop-5.3.16.jar:/Users/tintruong/.m2/repository/org/aspectj/aspectjweaver/1.9.7/aspectjweaver-1.9.7.jar:/Users/tintruong/.m2/repository/org/springframework/boot/spring-boot-starter-jdbc/2.6.4/spring-boot-starter-jdbc-2.6.4.jar:/Users/tintruong/.m2/repository/com/zaxxer/HikariCP/4.0.3/HikariCP-4.0.3.jar:/Users/tintruong/.m2/repository/org/springframework/spring-jdbc/5.3.16/spring-jdbc-5.3.16.jar:/Users/tintruong/.m2/repository/jakarta/transaction/jakarta.transaction-api/1.3.3/jakarta.transaction-api-1.3.3.jar:/Users/tintruong/.m2/repository/jakarta/persistence/jakarta.persistence-api/2.2.3/jakarta.persistence-api-2.2.3.jar:/Users/tintruong/.m2/repository/org/hibernate/hibernate-core/5.6.5.Final/hibernate-core-5.6.5.Final.jar:/Users/tintruong/.m2/repository/org/jboss/logging/jboss-logging/3.4.3.Final/jboss-logging-3.4.3.Final.jar:/Users/tintruong/.m2/repository/net/bytebuddy/byte-buddy/1.11.22/byte-buddy-1.11.22.jar:/Users/tintruong/.m2/repository/antlr/antlr/2.7.7/antlr-2.7.7.jar:/Users/tintruong/.m2/repository/org/jboss/jandex/2.4.2.Final/jandex-2.4.2.Final.jar:/Users/tintruong/.m2/repository/com/fasterxml/classmate/1.5.1/classmate-1.5.1.jar:/Users/tintruong/.m2/repository/org/hibernate/common/hibernate-commons-annotations/5.1.2.Final/hibernate-commons-annotations-5.1.2.Final.jar:/Users/tintruong/.m2/repository/org/glassfish/jaxb/jaxb-runtime/2.3.6/jaxb-runtime-2.3.6.jar:/Users/tintruong/.m2/repository/org/glassfish/jaxb/txw2/2.3.6/txw2-2.3.6.jar:/Users/tintruong/.m2/repository/com/sun/istack/istack-commons-runtime/3.0.12/istack-commons-runtime-3.0.12.jar:/Users/tintruong/.m2/repository/com/sun/activation/jakarta.activation/1.2.2/jakarta.activation-1.2.2.jar:/Users/tintruong/.m2/repository/org/springframework/data/spring-data-jpa/2.6.2/spring-data-jpa-2.6.2.jar:/Users/tintruong/.m2/repository/org/springframework/data/spring-data-commons/2.6.2/spring-data-commons-2.6.2.jar:/Users/tintruong/.m2/repository/org/springframework/spring-orm/5.3.16/spring-orm-5.3.16.jar:/Users/tintruong/.m2/repository/org/springframework/spring-context/5.3.16/spring-context-5.3.16.jar:/Users/tintruong/.m2/repository/org/springframework/spring-expression/5.3.16/spring-expression-5.3.16.jar:/Users/tintruong/.m2/repository/org/springframework/spring-tx/5.3.16/spring-tx-5.3.16.jar:/Users/tintruong/.m2/repository/org/springframework/spring-beans/5.3.16/spring-beans-5.3.16.jar:/Users/tintruong/.m2/repository/org/slf4j/slf4j-api/1.7.36/slf4j-api-1.7.36.jar:/Users/tintruong/.m2/repository/org/springframework/spring-aspects/5.3.16/spring-aspects-5.3.16.jar:/Users/tintruong/.m2/repository/org/springframework/boot/spring-boot-starter-data-rest/2.6.4/spring-boot-starter-data-rest-2.6.4.jar:/Users/tintruong/.m2/repository/org/springframework/boot/spring-boot-starter-web/2.6.4/spring-boot-starter-web-2.6.4.jar:/Users/tintruong/.m2/repository/org/springframework/boot/spring-boot-starter-json/2.6.4/spring-boot-starter-json-2.6.4.jar:/Users/tintruong/.m2/repository/com/fasterxml/jackson/datatype/jackson-datatype-jdk8/2.13.1/jackson-datatype-jdk8-2.13.1.jar:/Users/tintruong/.m2/repository/com/fasterxml/jackson/datatype/jackson-datatype-jsr310/2.13.1/jackson-datatype-jsr310-2.13.1.jar:/Users/tintruong/.m2/repository/com/fasterxml/jackson/module/jackson-module-parameter-names/2.13.1/jackson-module-parameter-names-2.13.1.jar:/Users/tintruong/.m2/repository/org/springframework/boot/spring-boot-starter-tomcat/2.6.4/spring-boot-starter-tomcat-2.6.4.jar:/Users/tintruong/.m2/repository/org/apache/tomcat/embed/tomcat-embed-core/9.0.58/tomcat-embed-core-9.0.58.jar:/Users/tintruong/.m2/repository/org/apache/tomcat/embed/tomcat-embed-el/9.0.58/tomcat-embed-el-9.0.58.jar:/Users/tintruong/.m2/repository/org/apache/tomcat/embed/tomcat-embed-websocket/9.0.58/tomcat-embed-websocket-9.0.58.jar:/Users/tintruong/.m2/repository/org/springframework/spring-web/5.3.16/spring-web-5.3.16.jar:/Users/tintruong/.m2/repository/org/springframework/spring-webmvc/5.3.16/spring-webmvc-5.3.16.jar:/Users/tintruong/.m2/repository/org/springframework/data/spring-data-rest-webmvc/3.6.2/spring-data-rest-webmvc-3.6.2.jar:/Users/tintruong/.m2/repository/org/springframework/data/spring-data-rest-core/3.6.2/spring-data-rest-core-3.6.2.jar:/Users/tintruong/.m2/repository/org/springframework/hateoas/spring-hateoas/1.4.1/spring-hateoas-1.4.1.jar:/Users/tintruong/.m2/repository/org/springframework/plugin/spring-plugin-core/2.0.0.RELEASE/spring-plugin-core-2.0.0.RELEASE.jar:/Users/tintruong/.m2/repository/org/atteo/evo-inflector/1.3/evo-inflector-1.3.jar:/Users/tintruong/.m2/repository/com/fasterxml/jackson/core/jackson-databind/2.13.1/jackson-databind-2.13.1.jar:/Users/tintruong/.m2/repository/com/fasterxml/jackson/core/jackson-core/2.13.1/jackson-core-2.13.1.jar:/Users/tintruong/.m2/repository/com/fasterxml/jackson/core/jackson-annotations/2.13.1/jackson-annotations-2.13.1.jar:/Users/tintruong/.m2/repository/mysql/mysql-connector-java/8.0.28/mysql-connector-java-8.0.28.jar:/Users/tintruong/.m2/repository/org/projectlombok/lombok/1.18.22/lombok-1.18.22.jar:/Users/tintruong/.m2/repository/org/springframework/boot/spring-boot-starter-test/2.6.4/spring-boot-starter-test-2.6.4.jar:/Users/tintruong/.m2/repository/org/springframework/boot/spring-boot-starter/2.6.4/spring-boot-starter-2.6.4.jar:/Users/tintruong/.m2/repository/org/springframework/boot/spring-boot-starter-logging/2.6.4/spring-boot-starter-logging-2.6.4.jar:/Users/tintruong/.m2/repository/ch/qos/logback/logback-classic/1.2.10/logback-classic-1.2.10.jar:/Users/tintruong/.m2/repository/ch/qos/logback/logback-core/1.2.10/logback-core-1.2.10.jar:/Users/tintruong/.m2/repository/org/apache/logging/log4j/log4j-to-slf4j/2.17.1/log4j-to-slf4j-2.17.1.jar:/Users/tintruong/.m2/repository/org/apache/logging/log4j/log4j-api/2.17.1/log4j-api-2.17.1.jar:/Users/tintruong/.m2/repository/org/slf4j/jul-to-slf4j/1.7.36/jul-to-slf4j-1.7.36.jar:/Users/tintruong/.m2/repository/jakarta/annotation/jakarta.annotation-api/1.3.5/jakarta.annotation-api-1.3.5.jar:/Users/tintruong/.m2/repository/org/yaml/snakeyaml/1.29/snakeyaml-1.29.jar:/Users/tintruong/.m2/repository/org/springframework/boot/spring-boot-test/2.6.4/spring-boot-test-2.6.4.jar:/Users/tintruong/.m2/repository/org/springframework/boot/spring-boot-test-autoconfigure/2.6.4/spring-boot-test-autoconfigure-2.6.4.jar:/Users/tintruong/.m2/repository/com/jayway/jsonpath/json-path/2.6.0/json-path-2.6.0.jar:/Users/tintruong/.m2/repository/net/minidev/json-smart/2.4.8/json-smart-2.4.8.jar:/Users/tintruong/.m2/repository/net/minidev/accessors-smart/2.4.8/accessors-smart-2.4.8.jar:/Users/tintruong/.m2/repository/org/ow2/asm/asm/9.1/asm-9.1.jar:/Users/tintruong/.m2/repository/jakarta/xml/bind/jakarta.xml.bind-api/2.3.3/jakarta.xml.bind-api-2.3.3.jar:/Users/tintruong/.m2/repository/jakarta/activation/jakarta.activation-api/1.2.2/jakarta.activation-api-1.2.2.jar:/Users/tintruong/.m2/repository/org/assertj/assertj-core/3.21.0/assertj-core-3.21.0.jar:/Users/tintruong/.m2/repository/org/hamcrest/hamcrest/2.2/hamcrest-2.2.jar:/Users/tintruong/.m2/repository/org/junit/jupiter/junit-jupiter/5.8.2/junit-jupiter-5.8.2.jar:/Users/tintruong/.m2/repository/org/junit/jupiter/junit-jupiter-api/5.8.2/junit-jupiter-api-5.8.2.jar:/Users/tintruong/.m2/repository/org/opentest4j/opentest4j/1.2.0/opentest4j-1.2.0.jar:/Users/tintruong/.m2/repository/org/junit/platform/junit-platform-commons/1.8.2/junit-platform-commons-1.8.2.jar:/Users/tintruong/.m2/repository/org/apiguardian/apiguardian-api/1.1.2/apiguardian-api-1.1.2.jar:/Users/tintruong/.m2/repository/org/junit/jupiter/junit-jupiter-params/5.8.2/junit-jupiter-params-5.8.2.jar:/Users/tintruong/.m2/repository/org/junit/jupiter/junit-jupiter-engine/5.8.2/junit-jupiter-engine-5.8.2.jar:/Users/tintruong/.m2/repository/org/junit/platform/junit-platform-engine/1.8.2/junit-platform-engine-1.8.2.jar:/Users/tintruong/.m2/repository/org/mockito/mockito-core/4.0.0/mockito-core-4.0.0.jar:/Users/tintruong/.m2/repository/net/bytebuddy/byte-buddy-agent/1.11.22/byte-buddy-agent-1.11.22.jar:/Users/tintruong/.m2/repository/org/objenesis/objenesis/3.2/objenesis-3.2.jar:/Users/tintruong/.m2/repository/org/mockito/mockito-junit-jupiter/4.0.0/mockito-junit-jupiter-4.0.0.jar:/Users/tintruong/.m2/repository/org/skyscreamer/jsonassert/1.5.0/jsonassert-1.5.0.jar:/Users/tintruong/.m2/repository/com/vaadin/external/google/android-json/0.0.20131108.vaadin1/android-json-0.0.20131108.vaadin1.jar:/Users/tintruong/.m2/repository/org/springframework/spring-core/5.3.16/spring-core-5.3.16.jar:/Users/tintruong/.m2/repository/org/springframework/spring-jcl/5.3.16/spring-jcl-5.3.16.jar:/Users/tintruong/.m2/repository/org/springframework/spring-test/5.3.16/spring-test-5.3.16.jar:/Users/tintruong/.m2/repository/org/xmlunit/xmlunit-core/2.8.4/xmlunit-core-2.8.4.jar:"/>
    <property name="sun.cpu.endian" value="little"/>
    <property name="user.home" value="/Users/tintruong"/>
    <property name="user.language" value="en"/>
    <property name="java.specification.vendor" value="Oracle Corporation"/>
    <property name="java.home" value="/Library/Java/JavaVirtualMachines/jdk1.8.0_321.jdk/Contents/Home/jre"/>
    <property name="basedir" value="/Users/tintruong/Desktop/CapstoneGroup5-Group5Azure/02-backend/spring-boot-ecommerce/spring-boot-ecommerce"/>
    <property name="file.separator" value="/"/>
    <property name="line.separator" value="&#10;"/>
    <property name="java.vm.specification.vendor" value="Oracle Corporation"/>
    <property name="java.specification.name" value="Java Platform API Specification"/>
    <property name="java.awt.graphicsenv" value="sun.awt.CGraphicsEnvironment"/>
    <property name="surefire.real.class.path" value="/Users/tintruong/Desktop/CapstoneGroup5-Group5Azure/02-backend/spring-boot-ecommerce/spring-boot-ecommerce/target/surefire/surefirebooter6271273003640306679.jar:/Users/tintruong/.m2/repository/org/jacoco/org.jacoco.agent/0.7.7.201606060606/org.jacoco.agent-0.7.7.201606060606-runtime.jar"/>
    <property name="sun.boot.class.path" value="/Library/Java/JavaVirtualMachines/jdk1.8.0_321.jdk/Contents/Home/jre/lib/resources.jar:/Library/Java/JavaVirtualMachines/jdk1.8.0_321.jdk/Contents/Home/jre/lib/rt.jar:/Library/Java/JavaVirtualMachines/jdk1.8.0_321.jdk/Contents/Home/jre/lib/sunrsasign.jar:/Library/Java/JavaVirtualMachines/jdk1.8.0_321.jdk/Contents/Home/jre/lib/jsse.jar:/Library/Java/JavaVirtualMachines/jdk1.8.0_321.jdk/Contents/Home/jre/lib/jce.jar:/Library/Java/JavaVirtualMachines/jdk1.8.0_321.jdk/Contents/Home/jre/lib/charsets.jar:/Library/Java/JavaVirtualMachines/jdk1.8.0_321.jdk/Contents/Home/jre/lib/jfr.jar:/Library/Java/JavaVirtualMachines/jdk1.8.0_321.jdk/Contents/Home/jre/classes"/>
    <property name="sun.management.compiler" value="HotSpot 64-Bit Tiered Compilers"/>
    <property name="ftp.nonProxyHosts" value="local|*.local|169.254/16|*.169.254/16"/>
    <property name="java.runtime.version" value="1.8.0_321-b07"/>
    <property name="user.name" value="tintruong"/>
    <property name="path.separator" value=":"/>
    <property name="os.version" value="10.15.7"/>
    <property name="java.endorsed.dirs" value="/Library/Java/JavaVirtualMachines/jdk1.8.0_321.jdk/Contents/Home/jre/lib/endorsed"/>
    <property name="java.runtime.name" value="Java(TM) SE Runtime Environment"/>
    <property name="file.encoding" value="UTF-8"/>
    <property name="java.vm.name" value="Java HotSpot(TM) 64-Bit Server VM"/>
    <property name="localRepository" value="/Users/tintruong/.m2/repository"/>
    <property name="java.vendor.url.bug" value="http://bugreport.sun.com/bugreport/"/>
    <property name="java.io.tmpdir" value="/var/folders/sb/w4nctbqn48q0wvkh49xpfdnw0000gn/T/"/>
    <property name="java.version" value="1.8.0_321"/>
    <property name="user.dir" value="/Users/tintruong/Desktop/CapstoneGroup5-Group5Azure/02-backend/spring-boot-ecommerce/spring-boot-ecommerce"/>
    <property name="os.arch" value="x86_64"/>
    <property name="java.vm.specification.name" value="Java Virtual Machine Specification"/>
    <property name="java.awt.printerjob" value="sun.lwawt.macosx.CPrinterJob"/>
    <property name="sun.os.patch.level" value="unknown"/>
    <property name="java.library.path" value="/Users/tintruong/Library/Java/Extensions:/Library/Java/Extensions:/Network/Library/Java/Extensions:/System/Library/Java/Extensions:/usr/lib/java:."/>
    <property name="java.vm.info" value="mixed mode"/>
    <property name="java.vendor" value="Oracle Corporation"/>
    <property name="java.vm.version" value="25.321-b07"/>
    <property name="java.ext.dirs" value="/Users/tintruong/Library/Java/Extensions:/Library/Java/JavaVirtualMachines/jdk1.8.0_321.jdk/Contents/Home/jre/lib/ext:/Library/Java/Extensions:/Network/Library/Java/Extensions:/System/Library/Java/Extensions:/usr/lib/java"/>
    <property name="sun.io.unicode.encoding" value="UnicodeBig"/>
    <property name="java.class.version" value="52.0"/>
    <property name="socksNonProxyHosts" value="local|*.local|169.254/16|*.169.254/16"/>
  </properties>
  <testcase name="contextLoads" classname="com.hcl.ecommerce.SpringBootEcommerceApplicationTests" time="0.171"/>
</testsuite>